[22-Mar-2025 10:50:30 Europe/Berlin] Error in get_dropdown_data.php: Table 'pcldb.helpher1' doesn't exist
[22-Mar-2025 10:50:30 Europe/Berlin] Error in get_dropdown_data.php: Table 'pcldb.helpher2' doesn't exist
[22-Mar-2025 10:51:22 Europe/Berlin] Error in get_dropdown_data.php: Table 'pcldb.helpher1' doesn't exist
[22-Mar-2025 10:51:22 Europe/Berlin] Error in get_dropdown_data.php: Table 'pcldb.helpher2' doesn't exist
[22-Mar-2025 10:52:05 Europe/Berlin] Error in get_dropdown_data.php: Table 'pcldb.helpher2' doesn't exist
[22-Mar-2025 12:35:13 Europe/Berlin] Error in update_trip.php: Invalid request
[22-Mar-2025 12:35:17 Europe/Berlin] Error in update_trip.php: Invalid request
[22-Mar-2025 14:06:52 Europe/Berlin] Error in get_dropdown_data.php: Table 'pcldb.calendar_sched' doesn't exist
[22-Mar-2025 14:06:52 Europe/Berlin] Error in get_dropdown_data.php: Table 'pcldb.calendar_sched' doesn't exist
[22-Mar-2025 14:06:52 Europe/Berlin] Error in get_dropdown_data.php: Table 'pcldb.calendar_sched' doesn't exist
[22-Mar-2025 14:06:52 Europe/Berlin] Error in get_dropdown_data.php: Table 'pcldb.calendar_sched' doesn't exist
[22-Mar-2025 14:06:59 Europe/Berlin] Error in get_dropdown_data.php: Table 'pcldb.calendar_sched' doesn't exist
[22-Mar-2025 14:06:59 Europe/Berlin] Error in get_dropdown_data.php: Table 'pcldb.calendar_sched' doesn't exist
[22-Mar-2025 14:06:59 Europe/Berlin] Error in get_dropdown_data.php: Table 'pcldb.calendar_sched' doesn't exist
[22-Mar-2025 14:06:59 Europe/Berlin] Error in get_dropdown_data.php: Table 'pcldb.calendar_sched' doesn't exist
[22-Mar-2025 14:07:07 Europe/Berlin] Error in get_dropdown_data.php: Table 'pcldb.calendar_sched' doesn't exist
[22-Mar-2025 14:07:07 Europe/Berlin] Error in get_dropdown_data.php: Table 'pcldb.calendar_sched' doesn't exist
[22-Mar-2025 14:07:07 Europe/Berlin] Error in get_dropdown_data.php: Table 'pcldb.calendar_sched' doesn't exist
[22-Mar-2025 14:07:07 Europe/Berlin] Error in get_dropdown_data.php: Table 'pcldb.calendar_sched' doesn't exist
[23-Mar-2025 15:17:30 Europe/Berlin] Error in update_trip.php: Invalid request
[23-Mar-2025 15:17:33 Europe/Berlin] Error in update_trip.php: Invalid request
[23-Mar-2025 15:22:56 Europe/Berlin] Error in update_trip.php: Invalid request
[23-Mar-2025 15:22:58 Europe/Berlin] Error in update_trip.php: Invalid request
[23-Mar-2025 15:23:10 Europe/Berlin] Error in update_trip.php: Invalid request
[25-Mar-2025 06:56:19 Europe/Berlin] Error in add_trip.php: Unknown column 'topsheet' in 'field list'
[25-Mar-2025 06:56:23 Europe/Berlin] Error in add_trip.php: Unknown column 'topsheet' in 'field list'
[26-Mar-2025 01:17:30 Europe/Berlin] Error in add_trip.php: Unknown column 'topsheet' in 'field list'
[26-Mar-2025 01:19:34 Europe/Berlin] Error in add_trip.php: Unknown column 'amount' in 'field list'
[26-Mar-2025 01:20:27 Europe/Berlin] Error in add_trip.php: Unknown column 'situation' in 'field list'
[26-Mar-2025 10:10:12 Europe/Berlin] Error in update_trip.php: Trip not found
[26-Mar-2025 10:10:35 Europe/Berlin] Error in update_trip.php: Trip not found
[02-Apr-2025 03:03:18 Europe/Berlin] Error in add_trip.php: Unknown column 'topsheet' in 'field list'
[02-Apr-2025 03:14:33 Europe/Berlin] Error in add_trip.php: Unknown column 'topsheet' in 'field list'
[02-Apr-2025 03:21:52 Europe/Berlin] Error in add_trip.php: Cannot add or update a child row: a foreign key constraint fails (`pcldb`.`customerservice`, CONSTRAINT `fk_ts_id` FOREIGN KEY (`ts_id`) REFERENCES `topsheet` (`ts_id`) ON DELETE CASCADE ON UPDATE CASCADE)
[02-Apr-2025 04:12:18 Europe/Berlin] Error in update_trip.php: Trip not found
[02-Apr-2025 04:12:18 Europe/Berlin] Error in update_trip.php: Invalid request
[02-Apr-2025 04:59:32 Europe/Berlin] Error in add_trip.php: Required fields cannot be empty
[02-Apr-2025 04:59:38 Europe/Berlin] Error in add_trip.php: Required fields cannot be empty
[02-Apr-2025 04:59:59 Europe/Berlin] Error in add_trip.php: Required fields cannot be empty
[02-Apr-2025 05:00:25 Europe/Berlin] Error in add_trip.php: Required fields cannot be empty
[02-Apr-2025 05:00:43 Europe/Berlin] Error in add_trip.php: Required fields cannot be empty
[02-Apr-2025 05:00:47 Europe/Berlin] Error in add_trip.php: Required fields cannot be empty
[02-Apr-2025 05:01:03 Europe/Berlin] Error in add_trip.php: Required fields cannot be empty
[02-Apr-2025 05:01:14 Europe/Berlin] Error in add_trip.php: Required fields cannot be empty
[02-Apr-2025 05:02:02 Europe/Berlin] Error in add_trip.php: Required fields cannot be empty
[02-Apr-2025 05:03:08 Europe/Berlin] Error in add_trip.php: Required fields cannot be empty
[02-Apr-2025 05:03:31 Europe/Berlin] Error in add_trip.php: Required fields cannot be empty
[02-Apr-2025 05:03:48 Europe/Berlin] Error in add_trip.php: Required fields cannot be empty
[02-Apr-2025 05:04:08 Europe/Berlin] Error in add_trip.php: Required fields cannot be empty
[02-Apr-2025 05:04:33 Europe/Berlin] Error in add_trip.php: Required fields cannot be empty
[02-Apr-2025 05:05:01 Europe/Berlin] Error in add_trip.php: Required fields cannot be empty
[02-Apr-2025 05:05:04 Europe/Berlin] Error in add_trip.php: Required fields cannot be empty
[02-Apr-2025 05:08:46 Europe/Berlin] Error in add_trip.php: Required fields cannot be empty
[02-Apr-2025 05:08:58 Europe/Berlin] Error in add_trip.php: Required fields cannot be empty
[02-Apr-2025 05:09:54 Europe/Berlin] Error in add_trip.php: Required fields cannot be empty
[02-Apr-2025 05:10:08 Europe/Berlin] Error in add_trip.php: Required fields cannot be empty
[02-Apr-2025 05:10:25 Europe/Berlin] Error in add_trip.php: Required fields cannot be empty
[02-Apr-2025 05:12:57 Europe/Berlin] Error in add_trip.php: Required fields cannot be empty
[02-Apr-2025 05:42:43 Europe/Berlin] Error in add_trip.php: Unknown column 'topsheet' in 'field list'
[02-Apr-2025 05:43:22 Europe/Berlin] Error in add_trip.php: Unknown column 'topsheet' in 'field list'
[02-Apr-2025 05:47:17 Europe/Berlin] PHP Warning:  Undefined array key "topsheet" in C:\xampp\htdocs\pcl\update_trip.php on line 59
[02-Apr-2025 05:47:17 Europe/Berlin] Error in update_trip.php: Unknown column 'topsheet' in 'field list'
[02-Apr-2025 05:47:19 Europe/Berlin] PHP Warning:  Undefined array key "topsheet" in C:\xampp\htdocs\pcl\update_trip.php on line 59
[02-Apr-2025 05:47:19 Europe/Berlin] Error in update_trip.php: Unknown column 'topsheet' in 'field list'
[02-Apr-2025 05:47:37 Europe/Berlin] Error in update_trip.php: Cannot add or update a child row: a foreign key constraint fails (`pcldb`.`customerservice`, CONSTRAINT `fk_cs_topsheet` FOREIGN KEY (`ts_id`) REFERENCES `topsheet` (`ts_id`) ON DELETE CASCADE ON UPDATE CASCADE)
[02-Apr-2025 05:49:29 Europe/Berlin] PHP Fatal error:  Uncaught ArgumentCountError: The number of elements in the type definition string must match the number of bind variables in C:\xampp\htdocs\pcl\update_trip.php:110
Stack trace:
#0 C:\xampp\htdocs\pcl\update_trip.php(110): mysqli_stmt->bind_param('isssssssssssssi', '12', '2025-04-10', 'Freight Order', '1', '1', '1', '1', '1', '1', '00:45:00', 0, '', '', '', 'Pending', '18')
#1 {main}
  thrown in C:\xampp\htdocs\pcl\update_trip.php on line 110
[02-Apr-2025 05:49:37 Europe/Berlin] PHP Fatal error:  Uncaught ArgumentCountError: The number of elements in the type definition string must match the number of bind variables in C:\xampp\htdocs\pcl\update_trip.php:110
Stack trace:
#0 C:\xampp\htdocs\pcl\update_trip.php(110): mysqli_stmt->bind_param('isssssssssssssi', '12', '2025-04-10', 'Freight Order', '1', '1', '1', '1', '1', '1', '00:45:00', 0, '', '', '', 'Pending', '18')
#1 {main}
  thrown in C:\xampp\htdocs\pcl\update_trip.php on line 110
[02-Apr-2025 05:51:25 Europe/Berlin] PHP Fatal error:  Uncaught ArgumentCountError: The number of elements in the type definition string must match the number of bind variables in C:\xampp\htdocs\pcl\update_trip.php:110
Stack trace:
#0 C:\xampp\htdocs\pcl\update_trip.php(110): mysqli_stmt->bind_param('isssssssssssssi', '1', '2025-04-10', 'Freight Order', '1s', '1', '1', '1', '1', '1', '00:45:00', 0, '', '', '', 'Pending', '18')
#1 {main}
  thrown in C:\xampp\htdocs\pcl\update_trip.php on line 110
[02-Apr-2025 05:56:27 Europe/Berlin] Error in add_waybill_to_topsheet.php: Unknown column 'topsheet' in 'where clause'
[02-Apr-2025 05:57:04 Europe/Berlin] Error in add_waybill_to_topsheet.php: Unknown column 'topsheet' in 'where clause'
[02-Apr-2025 06:58:49 Europe/Berlin] PHP Fatal error:  Uncaught ArgumentCountError: The number of elements in the type definition string must match the number of bind variables in C:\xampp\htdocs\pcl\update_trip.php:110
Stack trace:
#0 C:\xampp\htdocs\pcl\update_trip.php(110): mysqli_stmt->bind_param('isssssssssssssi', '11', '2025-04-10', 'Freight Order', '1', '1', '1', '1', '1', '1', '00:45:00', 0, '', '', '', 'Pending', '18')
#1 {main}
  thrown in C:\xampp\htdocs\pcl\update_trip.php on line 110
[02-Apr-2025 06:59:46 Europe/Berlin] PHP Fatal error:  Uncaught ArgumentCountError: The number of elements in the type definition string must match the number of bind variables in C:\xampp\htdocs\pcl\update_trip.php:110
Stack trace:
#0 C:\xampp\htdocs\pcl\update_trip.php(110): mysqli_stmt->bind_param('isssssssssssssi', '12', '2025-04-10', 'Freight Order', '1', '1', '1', '1', '1', '1', '00:45:00', 0, '', '', '', 'Pending', '18')
#1 {main}
  thrown in C:\xampp\htdocs\pcl\update_trip.php on line 110
[02-Apr-2025 07:00:07 Europe/Berlin] PHP Fatal error:  Uncaught ArgumentCountError: The number of elements in the type definition string must match the number of bind variables in C:\xampp\htdocs\pcl\update_trip.php:110
Stack trace:
#0 C:\xampp\htdocs\pcl\update_trip.php(110): mysqli_stmt->bind_param('isssssssssssssi', '11', '2025-04-10', 'Freight Order', '1', '1', '1', '1', '1', '1', '00:45:00', 0, '', '', '', 'Pending', '18')
#1 {main}
  thrown in C:\xampp\htdocs\pcl\update_trip.php on line 110
[02-Apr-2025 07:00:29 Europe/Berlin] Error in update_trip.php: Cannot add or update a child row: a foreign key constraint fails (`pcldb`.`customerservice`, CONSTRAINT `fk_cs_topsheet` FOREIGN KEY (`ts_id`) REFERENCES `topsheet` (`ts_id`) ON DELETE CASCADE ON UPDATE CASCADE)
[02-Apr-2025 07:00:56 Europe/Berlin] PHP Fatal error:  Uncaught ArgumentCountError: The number of elements in the type definition string must match the number of bind variables in C:\xampp\htdocs\pcl\update_trip.php:110
Stack trace:
#0 C:\xampp\htdocs\pcl\update_trip.php(110): mysqli_stmt->bind_param('isssssssssssssi', '11', '2025-04-10', 'Freight Order', '1', '1', '1', '1', '1', '1', '00:45:00', 0, '', '', '', 'Pending', '18')
#1 {main}
  thrown in C:\xampp\htdocs\pcl\update_trip.php on line 110
[02-Apr-2025 07:05:25 Europe/Berlin] PHP Fatal error:  Uncaught ArgumentCountError: The number of elements in the type definition string must match the number of bind variables in C:\xampp\htdocs\pcl\update_trip.php:160
Stack trace:
#0 C:\xampp\htdocs\pcl\update_trip.php(160): mysqli_stmt->bind_param('isssssssssssssi', 12, '2025-04-10', 'Freight Order', '1', '1', '1', '1', '1', '1', '00:45:00', 0, '', '', '', 'Pending', 18)
#1 {main}
  thrown in C:\xampp\htdocs\pcl\update_trip.php on line 160
[02-Apr-2025 07:05:33 Europe/Berlin] PHP Fatal error:  Uncaught ArgumentCountError: The number of elements in the type definition string must match the number of bind variables in C:\xampp\htdocs\pcl\update_trip.php:160
Stack trace:
#0 C:\xampp\htdocs\pcl\update_trip.php(160): mysqli_stmt->bind_param('isssssssssssssi', 12, '2025-04-10', 'Freight Order', '1', '1', '1', '1', '1', '1', '00:45:00', 0, '', '', '', 'Pending', 18)
#1 {main}
  thrown in C:\xampp\htdocs\pcl\update_trip.php on line 160
[02-Apr-2025 07:06:05 Europe/Berlin] PHP Fatal error:  Uncaught ArgumentCountError: The number of elements in the type definition string must match the number of bind variables in C:\xampp\htdocs\pcl\update_trip.php:160
Stack trace:
#0 C:\xampp\htdocs\pcl\update_trip.php(160): mysqli_stmt->bind_param('isssssssssssssi', 13, '2025-04-10', 'Freight Order', '1', '1', '1', '1', '1', '1', '00:45:00', 0, '', '', '', 'Pending', 18)
#1 {main}
  thrown in C:\xampp\htdocs\pcl\update_trip.php on line 160
[02-Apr-2025 07:06:27 Europe/Berlin] PHP Fatal error:  Uncaught ArgumentCountError: The number of elements in the type definition string must match the number of bind variables in C:\xampp\htdocs\pcl\update_trip.php:160
Stack trace:
#0 C:\xampp\htdocs\pcl\update_trip.php(160): mysqli_stmt->bind_param('isssssssssssssi', 12, '2025-04-10', 'Freight Order', '1', '1', '1', '1', '1', '1', '00:45:00', 0, '', '', '', 'Pending', 18)
#1 {main}
  thrown in C:\xampp\htdocs\pcl\update_trip.php on line 160
[02-Apr-2025 07:11:43 Europe/Berlin] PHP Fatal error:  Uncaught ArgumentCountError: The number of elements in the type definition string must match the number of bind variables in C:\xampp\htdocs\pcl\update_trip.php:160
Stack trace:
#0 C:\xampp\htdocs\pcl\update_trip.php(160): mysqli_stmt->bind_param('isssssssssssssi', 12, '2025-04-10', 'Freight Order', '1', '1', '1', '1', '1', '1', '00:45:00', 0, '', '', '', 'Pending', 18)
#1 {main}
  thrown in C:\xampp\htdocs\pcl\update_trip.php on line 160
[02-Apr-2025 07:18:31 Europe/Berlin] PHP Fatal error:  Uncaught ArgumentCountError: The number of elements in the type definition string must match the number of bind variables in C:\xampp\htdocs\pcl\update_trip.php:160
Stack trace:
#0 C:\xampp\htdocs\pcl\update_trip.php(160): mysqli_stmt->bind_param('isssssssssssssi', 11, '2025-04-10', 'Freight Order', '1', '1', '1', '1', '1', '1', '00:45:00', 0, '', '', '', 'Pending', 18)
#1 {main}
  thrown in C:\xampp\htdocs\pcl\update_trip.php on line 160
[02-Apr-2025 07:18:34 Europe/Berlin] PHP Fatal error:  Uncaught ArgumentCountError: The number of elements in the type definition string must match the number of bind variables in C:\xampp\htdocs\pcl\update_trip.php:160
Stack trace:
#0 C:\xampp\htdocs\pcl\update_trip.php(160): mysqli_stmt->bind_param('isssssssssssssi', 11, '2025-04-10', 'Freight Order', '1', '1', '1', '1', '1', '1', '00:45:00', 0, '', '', '', 'Pending', 18)
#1 {main}
  thrown in C:\xampp\htdocs\pcl\update_trip.php on line 160
[02-Apr-2025 07:19:56 Europe/Berlin] PHP Fatal error:  Uncaught ArgumentCountError: The number of elements in the type definition string must match the number of bind variables in C:\xampp\htdocs\pcl\update_trip.php:160
Stack trace:
#0 C:\xampp\htdocs\pcl\update_trip.php(160): mysqli_stmt->bind_param('isssssssssssssi', 1, '2025-04-10', 'Freight Order', '1', '1', '1', '1', '1', '1', '00:45:00', 13, 17, 12, false, 'Ready for budge...', 18)
#1 {main}
  thrown in C:\xampp\htdocs\pcl\update_trip.php on line 160
[02-Apr-2025 07:20:14 Europe/Berlin] PHP Fatal error:  Uncaught ArgumentCountError: The number of elements in the type definition string must match the number of bind variables in C:\xampp\htdocs\pcl\update_trip.php:110
Stack trace:
#0 C:\xampp\htdocs\pcl\update_trip.php(110): mysqli_stmt->bind_param('isssssssssssssi', '1', '2025-04-10', 'Freight Order', '1', '1', '1', '1', '1', '1', '00:45:00', '15', '14', '15', '12', 'Ready for budge...', '18')
#1 {main}
  thrown in C:\xampp\htdocs\pcl\update_trip.php on line 110
[02-Apr-2025 07:20:26 Europe/Berlin] Error in update_trip.php: Cannot add or update a child row: a foreign key constraint fails (`pcldb`.`customerservice`, CONSTRAINT `fk_cs_topsheet` FOREIGN KEY (`ts_id`) REFERENCES `topsheet` (`ts_id`) ON DELETE CASCADE ON UPDATE CASCADE)
[02-Apr-2025 07:20:56 Europe/Berlin] Error in update_trip.php: Cannot add or update a child row: a foreign key constraint fails (`pcldb`.`customerservice`, CONSTRAINT `fk_cs_topsheet` FOREIGN KEY (`ts_id`) REFERENCES `topsheet` (`ts_id`) ON DELETE CASCADE ON UPDATE CASCADE)
[02-Apr-2025 07:21:07 Europe/Berlin] PHP Fatal error:  Uncaught ArgumentCountError: The number of elements in the type definition string must match the number of bind variables in C:\xampp\htdocs\pcl\update_trip.php:110
Stack trace:
#0 C:\xampp\htdocs\pcl\update_trip.php(110): mysqli_stmt->bind_param('isssssssssssssi', '1', '2025-04-10', 'Freight Order', '1', '1', '1', '1', '1', '1', '00:45:00', '14', '15', '15', '14', 'Ready for budge...', '18')
#1 {main}
  thrown in C:\xampp\htdocs\pcl\update_trip.php on line 110
[02-Apr-2025 07:21:20 Europe/Berlin] PHP Fatal error:  Uncaught ArgumentCountError: The number of elements in the type definition string must match the number of bind variables in C:\xampp\htdocs\pcl\update_trip.php:160
Stack trace:
#0 C:\xampp\htdocs\pcl\update_trip.php(160): mysqli_stmt->bind_param('isssssssssssssi', 1, '2025-04-10', 'Freight Order', '1', '1', '1', '1', '1', '1', '00:45:00', 15, 29, 15, false, 'Ready for budge...', 18)
#1 {main}
  thrown in C:\xampp\htdocs\pcl\update_trip.php on line 160
[02-Apr-2025 07:24:58 Europe/Berlin] PHP Fatal error:  Uncaught ArgumentCountError: The number of elements in the type definition string must match the number of bind variables in C:\xampp\htdocs\pcl\update_trip.php:160
Stack trace:
#0 C:\xampp\htdocs\pcl\update_trip.php(160): mysqli_stmt->bind_param('isssssssssssssi', 12, '2025-04-10', 'Freight Order', '1', '1', '1', '1', '1', '1', '00:45:00', 0, '', '', '', 'Pending', 18)
#1 {main}
  thrown in C:\xampp\htdocs\pcl\update_trip.php on line 160
[02-Apr-2025 07:26:50 Europe/Berlin] PHP Fatal error:  Uncaught ArgumentCountError: The number of elements in the type definition string must match the number of bind variables in C:\xampp\htdocs\pcl\update_trip.php:160
Stack trace:
#0 C:\xampp\htdocs\pcl\update_trip.php(160): mysqli_stmt->bind_param('isssssssssssssi', 12, '2025-04-10', 'Freight Order', '1', '1', '1', '1', '1', '1', '00:45:00', 0, '', '', '', 'Pending', 18)
#1 {main}
  thrown in C:\xampp\htdocs\pcl\update_trip.php on line 160
[02-Apr-2025 07:31:25 Europe/Berlin] Error in update_trip.php: Missing required field: cs_id
[02-Apr-2025 07:31:44 Europe/Berlin] Error in update_trip.php: Missing required field: cs_id
[02-Apr-2025 07:32:02 Europe/Berlin] Error in update_trip.php: Missing required field: cs_id
[02-Apr-2025 07:32:06 Europe/Berlin] Error in update_trip.php: Missing required field: cs_id
[02-Apr-2025 07:33:01 Europe/Berlin] Error in update_trip.php: Missing required field: cs_id
[02-Apr-2025 07:33:49 Europe/Berlin] Error in update_trip.php: Missing required field: cs_id
[02-Apr-2025 07:35:22 Europe/Berlin] Error in update_trip.php: Missing required field: cs_id
[02-Apr-2025 07:37:21 Europe/Berlin] PHP Fatal error:  Uncaught ArgumentCountError: The number of elements in the type definition string must match the number of bind variables in C:\xampp\htdocs\pcl\update_trip.php:160
Stack trace:
#0 C:\xampp\htdocs\pcl\update_trip.php(160): mysqli_stmt->bind_param('isssssssssssssi', 11, '2025-04-10', 'Freight Order', '1', '1', '1', '1', '1', '1', '00:45:00', 0, '', '', '', 'Pending', 18)
#1 {main}
  thrown in C:\xampp\htdocs\pcl\update_trip.php on line 160
[02-Apr-2025 07:37:24 Europe/Berlin] PHP Fatal error:  Uncaught ArgumentCountError: The number of elements in the type definition string must match the number of bind variables in C:\xampp\htdocs\pcl\update_trip.php:160
Stack trace:
#0 C:\xampp\htdocs\pcl\update_trip.php(160): mysqli_stmt->bind_param('isssssssssssssi', 11, '2025-04-10', 'Freight Order', '1', '1', '1', '1', '1', '1', '00:45:00', 0, '', '', '', 'Pending', 18)
#1 {main}
  thrown in C:\xampp\htdocs\pcl\update_trip.php on line 160
[02-Apr-2025 07:38:12 Europe/Berlin] PHP Fatal error:  Uncaught ArgumentCountError: The number of elements in the type definition string must match the number of bind variables in C:\xampp\htdocs\pcl\update_trip.php:160
Stack trace:
#0 C:\xampp\htdocs\pcl\update_trip.php(160): mysqli_stmt->bind_param('isssssssssssssi', 111, '2025-04-10', 'Freight Order', '1', '1', '1', '1', '1', '1', '00:45:00', 0, '', '', '', 'Pending', 18)
#1 {main}
  thrown in C:\xampp\htdocs\pcl\update_trip.php on line 160
[02-Apr-2025 07:38:26 Europe/Berlin] PHP Fatal error:  Uncaught ArgumentCountError: The number of elements in the type definition string must match the number of bind variables in C:\xampp\htdocs\pcl\update_trip.php:160
Stack trace:
#0 C:\xampp\htdocs\pcl\update_trip.php(160): mysqli_stmt->bind_param('isssssssssssssi', 11, '2025-04-10', 'Freight Order', '1', '1', '1', '1', '1', '1', '00:45:00', 0, '', '', '', 'Pending', 18)
#1 {main}
  thrown in C:\xampp\htdocs\pcl\update_trip.php on line 160
[02-Apr-2025 07:40:07 Europe/Berlin] PHP Fatal error:  Uncaught ArgumentCountError: The number of elements in the type definition string must match the number of bind variables in C:\xampp\htdocs\pcl\update_trip.php:160
Stack trace:
#0 C:\xampp\htdocs\pcl\update_trip.php(160): mysqli_stmt->bind_param('isssssssssssssi', 12, '2025-04-10', 'Freight Order', '1', '1', '1', '1', '1', '1', '00:45:00', 0, '', '', '', 'Pending', 18)
#1 {main}
  thrown in C:\xampp\htdocs\pcl\update_trip.php on line 160
[02-Apr-2025 07:41:26 Europe/Berlin] PHP Fatal error:  Uncaught ArgumentCountError: The number of elements in the type definition string must match the number of bind variables in C:\xampp\htdocs\pcl\update_trip.php:160
Stack trace:
#0 C:\xampp\htdocs\pcl\update_trip.php(160): mysqli_stmt->bind_param('isssssssssssssi', 12, '2025-04-10', 'Freight Order', '1', '1', '1', '1', '1', '1', '00:45:00', 0, '', '', '', 'Pending', 18)
#1 {main}
  thrown in C:\xampp\htdocs\pcl\update_trip.php on line 160
[02-Apr-2025 07:43:35 Europe/Berlin] Error in add_trip.php: Table 'pcldb.ts_id' doesn't exist
[02-Apr-2025 07:44:00 Europe/Berlin] Error in add_trip.php: Table 'pcldb.ts_id' doesn't exist
[02-Apr-2025 07:44:20 Europe/Berlin] Error in add_trip.php: Table 'pcldb.ts_id' doesn't exist
[02-Apr-2025 07:44:27 Europe/Berlin] Error in add_trip.php: Table 'pcldb.ts_id' doesn't exist
[02-Apr-2025 07:45:36 Europe/Berlin] PHP Fatal error:  Uncaught ArgumentCountError: The number of elements in the type definition string must match the number of bind variables in C:\xampp\htdocs\pcl\update_trip.php:160
Stack trace:
#0 C:\xampp\htdocs\pcl\update_trip.php(160): mysqli_stmt->bind_param('isssssssssssssi', 12, '2025-04-10', 'Freight Order', '1', '1', '1', '1', '1', '1', '00:45:00', 0, '', '', '', 'Pending', 18)
#1 {main}
  thrown in C:\xampp\htdocs\pcl\update_trip.php on line 160
[02-Apr-2025 07:46:03 Europe/Berlin] PHP Fatal error:  Uncaught ArgumentCountError: The number of elements in the type definition string must match the number of bind variables in C:\xampp\htdocs\pcl\update_trip.php:160
Stack trace:
#0 C:\xampp\htdocs\pcl\update_trip.php(160): mysqli_stmt->bind_param('isssssssssssssi', 22, '2025-04-04', 'Purchase Order', '2', '2', '2', '2', '2', '2', '01:46:00', 0, '', '', '', 'Pending', 20)
#1 {main}
  thrown in C:\xampp\htdocs\pcl\update_trip.php on line 160
[02-Apr-2025 07:46:21 Europe/Berlin] PHP Warning:  Undefined array key "topsheet" in C:\xampp\htdocs\pcl\update_trip.php on line 59
[02-Apr-2025 07:46:21 Europe/Berlin] Error in update_trip.php: Unknown column 'topsheet' in 'field list'
[02-Apr-2025 07:46:56 Europe/Berlin] Error in update_trip.php: Cannot add or update a child row: a foreign key constraint fails (`pcldb`.`customerservice`, CONSTRAINT `fk_cs_topsheet` FOREIGN KEY (`ts_id`) REFERENCES `topsheet` (`ts_id`) ON DELETE CASCADE ON UPDATE CASCADE)
[02-Apr-2025 07:47:51 Europe/Berlin] Error in update_trip.php: Cannot add or update a child row: a foreign key constraint fails (`pcldb`.`customerservice`, CONSTRAINT `fk_cs_topsheet` FOREIGN KEY (`ts_id`) REFERENCES `topsheet` (`ts_id`) ON DELETE CASCADE ON UPDATE CASCADE)
[02-Apr-2025 07:48:28 Europe/Berlin] Error in update_trip.php: Cannot add or update a child row: a foreign key constraint fails (`pcldb`.`customerservice`, CONSTRAINT `fk_cs_topsheet` FOREIGN KEY (`ts_id`) REFERENCES `topsheet` (`ts_id`) ON DELETE CASCADE ON UPDATE CASCADE)
[02-Apr-2025 07:48:47 Europe/Berlin] Error in update_trip.php: Cannot add or update a child row: a foreign key constraint fails (`pcldb`.`customerservice`, CONSTRAINT `fk_cs_topsheet` FOREIGN KEY (`ts_id`) REFERENCES `topsheet` (`ts_id`) ON DELETE CASCADE ON UPDATE CASCADE)
[02-Apr-2025 07:50:00 Europe/Berlin] Error in update_trip.php: Cannot add or update a child row: a foreign key constraint fails (`pcldb`.`customerservice`, CONSTRAINT `fk_cs_topsheet` FOREIGN KEY (`ts_id`) REFERENCES `topsheet` (`ts_id`) ON DELETE CASCADE ON UPDATE CASCADE)
[02-Apr-2025 07:53:39 Europe/Berlin] Error in update_trip.php: Cannot add or update a child row: a foreign key constraint fails (`pcldb`.`customerservice`, CONSTRAINT `fk_cs_topsheet` FOREIGN KEY (`ts_id`) REFERENCES `topsheet` (`ts_id`) ON DELETE CASCADE ON UPDATE CASCADE)
[02-Apr-2025 07:54:10 Europe/Berlin] Error in update_trip.php: Table 'pcldb.ts_id' doesn't exist
[02-Apr-2025 07:54:18 Europe/Berlin] Error in update_trip.php: Table 'pcldb.ts_id' doesn't exist
[02-Apr-2025 07:55:08 Europe/Berlin] Error in update_trip.php: Cannot add or update a child row: a foreign key constraint fails (`pcldb`.`customerservice`, CONSTRAINT `fk_cs_topsheet` FOREIGN KEY (`ts_id`) REFERENCES `topsheet` (`ts_id`) ON DELETE CASCADE ON UPDATE CASCADE)
[02-Apr-2025 07:55:49 Europe/Berlin] Error in update_trip.php: Cannot add or update a child row: a foreign key constraint fails (`pcldb`.`customerservice`, CONSTRAINT `fk_cs_topsheet` FOREIGN KEY (`ts_id`) REFERENCES `topsheet` (`ts_id`) ON DELETE CASCADE ON UPDATE CASCADE)
[02-Apr-2025 07:57:01 Europe/Berlin] POST ts_id: TS-00002
[02-Apr-2025 07:57:01 Europe/Berlin] Current ts_id: TS-00002
[02-Apr-2025 07:57:01 Europe/Berlin] Final ts_id: -00002
[02-Apr-2025 07:57:01 Europe/Berlin] ts_id -00002 not found in topsheet table.
[02-Apr-2025 07:57:01 Europe/Berlin] Error in update_trip.php: ts_id not found in topsheet table.
[02-Apr-2025 07:57:38 Europe/Berlin] POST ts_id: TS-00002
[02-Apr-2025 07:57:38 Europe/Berlin] Current ts_id: TS-00002
[02-Apr-2025 07:57:38 Europe/Berlin] Final ts_id: -00002
[02-Apr-2025 07:57:38 Europe/Berlin] Error in update_trip.php: Table 'pcldb.ts_id' doesn't exist
[02-Apr-2025 07:57:59 Europe/Berlin] POST ts_id: TS-00002
[02-Apr-2025 07:57:59 Europe/Berlin] Current ts_id: TS-00002
[02-Apr-2025 07:57:59 Europe/Berlin] Final ts_id: -00002
[02-Apr-2025 07:57:59 Europe/Berlin] ts_id -00002 not found in topsheet table.
[02-Apr-2025 07:57:59 Europe/Berlin] Error in update_trip.php: ts_id not found in topsheet table.
[02-Apr-2025 08:02:38 Europe/Berlin] POST ts_id: TS-00002
[02-Apr-2025 08:02:38 Europe/Berlin] Current ts_id: TS-00002
[02-Apr-2025 08:02:38 Europe/Berlin] Final ts_id: -00002
[02-Apr-2025 08:02:38 Europe/Berlin] ts_id -00002 not found in topsheet table.
[02-Apr-2025 08:02:38 Europe/Berlin] Error in update_trip.php: ts_id not found in topsheet table.
[02-Apr-2025 08:02:54 Europe/Berlin] POST ts_id: TS-00002
[02-Apr-2025 08:02:54 Europe/Berlin] Current ts_id: TS-00002
[02-Apr-2025 08:02:54 Europe/Berlin] Final ts_id: -00002
[02-Apr-2025 08:02:54 Europe/Berlin] ts_id -00002 not found in topsheet table.
[02-Apr-2025 08:02:54 Europe/Berlin] Error in update_trip.php: ts_id not found in topsheet table.
[02-Apr-2025 08:03:00 Europe/Berlin] POST ts_id: TS-00002
[02-Apr-2025 08:03:00 Europe/Berlin] Current ts_id: TS-00002
[02-Apr-2025 08:03:00 Europe/Berlin] Final ts_id: -00002
[02-Apr-2025 08:03:00 Europe/Berlin] ts_id -00002 not found in topsheet table.
[02-Apr-2025 08:03:00 Europe/Berlin] Error in update_trip.php: ts_id not found in topsheet table.
[02-Apr-2025 08:03:57 Europe/Berlin] POST ts_id: TS-00002
[02-Apr-2025 08:03:57 Europe/Berlin] Current ts_id: TS-00002
[02-Apr-2025 08:03:57 Europe/Berlin] Final ts_id: -00002
[02-Apr-2025 08:03:57 Europe/Berlin] ts_id -00002 not found in topsheet table.
[02-Apr-2025 08:03:57 Europe/Berlin] Error in update_trip.php: ts_id not found in topsheet table.
[02-Apr-2025 08:07:13 Europe/Berlin] POST ts_id: TS-00002
[02-Apr-2025 08:07:13 Europe/Berlin] Current ts_id: TS-00002
[02-Apr-2025 08:07:13 Europe/Berlin] Final ts_id: -00002
[02-Apr-2025 08:07:13 Europe/Berlin] ts_id -00002 not found in topsheet table.
[02-Apr-2025 08:07:13 Europe/Berlin] Error in update_trip.php: ts_id not found in topsheet table.
[02-Apr-2025 08:07:18 Europe/Berlin] POST ts_id: TS-00002
[02-Apr-2025 08:07:18 Europe/Berlin] Current ts_id: TS-00002
[02-Apr-2025 08:07:18 Europe/Berlin] Final ts_id: -00002
[02-Apr-2025 08:07:18 Europe/Berlin] ts_id -00002 not found in topsheet table.
[02-Apr-2025 08:07:18 Europe/Berlin] Error in update_trip.php: ts_id not found in topsheet table.
[02-Apr-2025 08:08:16 Europe/Berlin] PHP Warning:  Undefined variable $verifyStmt in C:\xampp\htdocs\pcl\update_trip.php on line 56
[02-Apr-2025 08:08:16 Europe/Berlin] PHP Fatal error:  Uncaught Error: Call to a member function close() on null in C:\xampp\htdocs\pcl\update_trip.php:56
Stack trace:
#0 {main}
  thrown in C:\xampp\htdocs\pcl\update_trip.php on line 56
[02-Apr-2025 08:09:42 Europe/Berlin] PHP Warning:  Undefined variable $verifyStmt in C:\xampp\htdocs\pcl\update_trip.php on line 56
[02-Apr-2025 08:09:42 Europe/Berlin] PHP Fatal error:  Uncaught Error: Call to a member function close() on null in C:\xampp\htdocs\pcl\update_trip.php:56
Stack trace:
#0 {main}
  thrown in C:\xampp\htdocs\pcl\update_trip.php on line 56
[02-Apr-2025 08:10:05 Europe/Berlin] PHP Warning:  Undefined variable $verifyStmt in C:\xampp\htdocs\pcl\update_trip.php on line 56
[02-Apr-2025 08:10:05 Europe/Berlin] PHP Fatal error:  Uncaught Error: Call to a member function close() on null in C:\xampp\htdocs\pcl\update_trip.php:56
Stack trace:
#0 {main}
  thrown in C:\xampp\htdocs\pcl\update_trip.php on line 56
[02-Apr-2025 08:13:37 Europe/Berlin] PHP Warning:  Undefined variable $verifyStmt in C:\xampp\htdocs\pcl\update_trip.php on line 56
[02-Apr-2025 08:13:37 Europe/Berlin] PHP Fatal error:  Uncaught Error: Call to a member function close() on null in C:\xampp\htdocs\pcl\update_trip.php:56
Stack trace:
#0 {main}
  thrown in C:\xampp\htdocs\pcl\update_trip.php on line 56
[02-Apr-2025 08:13:53 Europe/Berlin] PHP Warning:  Undefined variable $verifyStmt in C:\xampp\htdocs\pcl\update_trip.php on line 56
[02-Apr-2025 08:13:53 Europe/Berlin] PHP Fatal error:  Uncaught Error: Call to a member function close() on null in C:\xampp\htdocs\pcl\update_trip.php:56
Stack trace:
#0 {main}
  thrown in C:\xampp\htdocs\pcl\update_trip.php on line 56
[02-Apr-2025 08:20:22 Europe/Berlin] PHP Warning:  Undefined variable $verifyStmt in C:\xampp\htdocs\pcl\update_trip.php on line 56
[02-Apr-2025 08:20:22 Europe/Berlin] PHP Fatal error:  Uncaught Error: Call to a member function close() on null in C:\xampp\htdocs\pcl\update_trip.php:56
Stack trace:
#0 {main}
  thrown in C:\xampp\htdocs\pcl\update_trip.php on line 56
[02-Apr-2025 08:25:17 Europe/Berlin] ts_id -00002 not found in topsheet table.
[02-Apr-2025 08:25:17 Europe/Berlin] Error in update_trip.php: ts_id not found in topsheet table.
[02-Apr-2025 08:27:19 Europe/Berlin] Error in update_trip.php: Cannot add or update a child row: a foreign key constraint fails (`pcldb`.`customerservice`, CONSTRAINT `fk_cs_topsheet` FOREIGN KEY (`ts_id`) REFERENCES `topsheet` (`ts_id`) ON DELETE CASCADE ON UPDATE CASCADE)
[02-Apr-2025 08:28:20 Europe/Berlin] Error in update_trip.php: Cannot add or update a child row: a foreign key constraint fails (`pcldb`.`customerservice`, CONSTRAINT `fk_cs_topsheet` FOREIGN KEY (`ts_id`) REFERENCES `topsheet` (`ts_id`) ON DELETE CASCADE ON UPDATE CASCADE)
[02-Apr-2025 08:29:23 Europe/Berlin] Error in update_trip.php: Cannot add or update a child row: a foreign key constraint fails (`pcldb`.`customerservice`, CONSTRAINT `fk_cs_topsheet` FOREIGN KEY (`ts_id`) REFERENCES `topsheet` (`ts_id`) ON DELETE CASCADE ON UPDATE CASCADE)
[02-Apr-2025 08:31:00 Europe/Berlin] Error in update_trip.php: Cannot add or update a child row: a foreign key constraint fails (`pcldb`.`customerservice`, CONSTRAINT `fk_cs_topsheet` FOREIGN KEY (`ts_id`) REFERENCES `topsheet` (`ts_id`) ON DELETE CASCADE ON UPDATE CASCADE)
[02-Apr-2025 08:33:27 Europe/Berlin] ts_id -00002 not found in topsheet table.
[02-Apr-2025 08:33:27 Europe/Berlin] Error in update_trip.php: ts_id not found in topsheet table.
[02-Apr-2025 08:34:47 Europe/Berlin] Error in update_trip.php: ts_id not found in topsheet table.
[02-Apr-2025 08:34:53 Europe/Berlin] ts_id -00002 not found in topsheet table.
[02-Apr-2025 08:34:53 Europe/Berlin] Error in update_trip.php: ts_id not found in topsheet table.
[02-Apr-2025 08:36:18 Europe/Berlin] ts_id -00002 not found in topsheet table.
[02-Apr-2025 08:36:18 Europe/Berlin] Error in update_trip.php: ts_id not found in topsheet table.
[02-Apr-2025 08:37:25 Europe/Berlin] Error in update_trip.php: Cannot add or update a child row: a foreign key constraint fails (`pcldb`.`customerservice`, CONSTRAINT `fk_cs_topsheet` FOREIGN KEY (`ts_id`) REFERENCES `topsheet` (`ts_id`) ON DELETE CASCADE ON UPDATE CASCADE)
[02-Apr-2025 08:43:49 Europe/Berlin] Error in update_trip.php: Topsheet ID -00002 not found in topsheet table. Please provide a valid topsheet.
[02-Apr-2025 08:44:17 Europe/Berlin] Error in update_trip.php: Topsheet ID -00002 not found in topsheet table. Please provide a valid topsheet.
[02-Apr-2025 08:44:40 Europe/Berlin] Error in update_trip.php: Topsheet ID -00002 not found in topsheet table. Please provide a valid topsheet.
[02-Apr-2025 08:46:55 Europe/Berlin] PHP Fatal error:  Uncaught ArgumentCountError: The number of elements in the type definition string must match the number of bind variables in C:\xampp\htdocs\pcl\update_trip.php:103
Stack trace:
#0 C:\xampp\htdocs\pcl\update_trip.php(103): mysqli_stmt->bind_param('isssssssssssssi', '211', '2025-04-17', 'Freight Order', '2', '2', '2', '2', '2', '2', '13:50:00', 0, '', '', '', 'Pending', '21')
#1 {main}
  thrown in C:\xampp\htdocs\pcl\update_trip.php on line 103
[02-Apr-2025 08:47:07 Europe/Berlin] Error in update_trip.php: Topsheet ID -00002 not found in topsheet table. Please provide a valid topsheet.
[02-Apr-2025 08:51:14 Europe/Berlin] Error in update_trip.php: Topsheet ID must be a positive number
[02-Apr-2025 08:53:33 Europe/Berlin] Error in update_trip.php: Cannot add or update a child row: a foreign key constraint fails (`pcldb`.`customerservice`, CONSTRAINT `fk_cs_topsheet` FOREIGN KEY (`ts_id`) REFERENCES `topsheet` (`ts_id`) ON DELETE CASCADE ON UPDATE CASCADE)
[02-Apr-2025 09:02:36 Europe/Berlin] Error in update_trip.php: The topsheet ID you provided doesn't exist in our system. Please provide a valid topsheet ID.
[02-Apr-2025 09:05:37 Europe/Berlin] PHP Warning:  Undefined array key "helper2" in C:\xampp\htdocs\pcl\update_trip.php on line 132
[02-Apr-2025 09:05:37 Europe/Berlin] PHP Fatal error:  Uncaught ArgumentCountError: The number of elements in the type definition string must match the number of bind variables in C:\xampp\htdocs\pcl\update_trip.php:155
Stack trace:
#0 C:\xampp\htdocs\pcl\update_trip.php(155): mysqli_stmt->bind_param('isssssssssssssi', '211', '2025-04-17', 'Freight Order', '2', '2', '2', '2', '2', '2', '13:50:00', 0, '', '', NULL, 'Pending', '21')
#1 {main}
  thrown in C:\xampp\htdocs\pcl\update_trip.php on line 155
[02-Apr-2025 09:06:53 Europe/Berlin] PHP Warning:  Undefined array key "helper2" in C:\xampp\htdocs\pcl\update_trip.php on line 132
[02-Apr-2025 09:06:53 Europe/Berlin] PHP Fatal error:  Uncaught ArgumentCountError: The number of elements in the type definition string must match the number of bind variables in C:\xampp\htdocs\pcl\update_trip.php:155
Stack trace:
#0 C:\xampp\htdocs\pcl\update_trip.php(155): mysqli_stmt->bind_param('isssssssssssssi', '21', '2025-04-10', 'Freight Order', '2', '2', '2', '2', '2', '2', '15:19:00', 0, '', '', NULL, 'Pending', '19')
#1 {main}
  thrown in C:\xampp\htdocs\pcl\update_trip.php on line 155
[02-Apr-2025 09:08:16 Europe/Berlin] PHP Warning:  Undefined array key "helper2" in C:\xampp\htdocs\pcl\update_trip.php on line 132
[02-Apr-2025 09:08:16 Europe/Berlin] PHP Fatal error:  Uncaught ArgumentCountError: The number of elements in the type definition string must match the number of bind variables in C:\xampp\htdocs\pcl\update_trip.php:155
Stack trace:
#0 C:\xampp\htdocs\pcl\update_trip.php(155): mysqli_stmt->bind_param('isssssssssssssi', '211', '2025-04-17', 'Freight Order', '2', '2', '2', '2', '2', '2', '13:50:00', 0, '', '', NULL, 'Pending', '21')
#1 {main}
  thrown in C:\xampp\htdocs\pcl\update_trip.php on line 155
[02-Apr-2025 09:22:39 Europe/Berlin] PHP Warning:  Undefined array key "helper2" in C:\xampp\htdocs\pcl\update_trip.php on line 134
[02-Apr-2025 09:22:39 Europe/Berlin] PHP Fatal error:  Uncaught ArgumentCountError: The number of elements in the type definition string must match the number of bind variables in C:\xampp\htdocs\pcl\update_trip.php:157
Stack trace:
#0 C:\xampp\htdocs\pcl\update_trip.php(157): mysqli_stmt->bind_param('isssssssssssssi', '21', '2025-04-17', 'Freight Order', '2q', '2', '2', '2', '2', '2', '13:50:00', 0, '', '', NULL, 'Pending', '21')
#1 {main}
  thrown in C:\xampp\htdocs\pcl\update_trip.php on line 157
[02-Apr-2025 09:23:35 Europe/Berlin] PHP Warning:  Undefined array key "topsheet" in C:\xampp\htdocs\pcl\update_trip.php on line 60
[02-Apr-2025 09:23:35 Europe/Berlin] Error in update_trip.php: Unknown column 'topsheet' in 'field list'
[02-Apr-2025 09:24:03 Europe/Berlin] Error in update_trip.php: Cannot add or update a child row: a foreign key constraint fails (`pcldb`.`customerservice`, CONSTRAINT `fk_cs_topsheet` FOREIGN KEY (`ts_id`) REFERENCES `topsheet` (`ts_id`) ON DELETE CASCADE ON UPDATE CASCADE)
[02-Apr-2025 09:24:08 Europe/Berlin] Error in update_trip.php: Cannot add or update a child row: a foreign key constraint fails (`pcldb`.`customerservice`, CONSTRAINT `fk_cs_topsheet` FOREIGN KEY (`ts_id`) REFERENCES `topsheet` (`ts_id`) ON DELETE CASCADE ON UPDATE CASCADE)
[02-Apr-2025 09:34:19 Europe/Berlin] Error in add_trip.php: Table 'pcldb.ts_id' doesn't exist
[02-Apr-2025 09:34:37 Europe/Berlin] Error in add_trip.php: Table 'pcldb.ts_id' doesn't exist
[02-Apr-2025 09:35:06 Europe/Berlin] Error in add_trip.php: Table 'pcldb.ts_id' doesn't exist
[02-Apr-2025 09:35:52 Europe/Berlin] Error in add_trip.php: Table 'pcldb.ts_id' doesn't exist
[02-Apr-2025 09:36:33 Europe/Berlin] Error in add_trip.php: Table 'pcldb.ts_id' doesn't exist
[02-Apr-2025 09:37:08 Europe/Berlin] Error in add_trip.php: Unknown column 'ts_ida' in 'order clause'
[02-Apr-2025 09:37:31 Europe/Berlin] Error in add_trip.php: Unknown column 'topsheet' in 'order clause'
[02-Apr-2025 09:38:22 Europe/Berlin] Error in add_trip.php: Table 'pcldb.ts_id' doesn't exist
[02-Apr-2025 09:38:31 Europe/Berlin] Error in add_trip.php: Table 'pcldb.ts_id' doesn't exist
[02-Apr-2025 09:38:45 Europe/Berlin] Error in add_trip.php: Table 'pcldb.ts_id' doesn't exist
[02-Apr-2025 09:38:58 Europe/Berlin] Error in add_trip.php: Table 'pcldb.ts_id' doesn't exist
[02-Apr-2025 09:39:16 Europe/Berlin] Error in add_trip.php: Unknown column 'topsheet' in 'order clause'
[02-Apr-2025 09:39:26 Europe/Berlin] Error in add_trip.php: Table 'pcldb.ts_id' doesn't exist
[02-Apr-2025 09:39:29 Europe/Berlin] Error in add_trip.php: Table 'pcldb.ts_id' doesn't exist
[02-Apr-2025 09:39:35 Europe/Berlin] Error in add_trip.php: Unknown column 'topsheet' in 'order clause'
[02-Apr-2025 09:40:04 Europe/Berlin] Error in add_trip.php: Unknown column 'topsheet' in 'order clause'
[04-Apr-2025 18:14:08 Europe/Berlin] PHP Warning:  Undefined variable $truck_id in C:\xampp\htdocs\pcl\add_waybill_to_topsheet.php on line 13
[04-Apr-2025 18:14:08 Europe/Berlin] PHP Warning:  Undefined variable $driver_id in C:\xampp\htdocs\pcl\add_waybill_to_topsheet.php on line 14
[04-Apr-2025 18:14:08 Europe/Berlin] PHP Warning:  Undefined variable $helper1_id in C:\xampp\htdocs\pcl\add_waybill_to_topsheet.php on line 15
[04-Apr-2025 18:14:08 Europe/Berlin] PHP Warning:  Undefined variable $helper2_id in C:\xampp\htdocs\pcl\add_waybill_to_topsheet.php on line 16
[04-Apr-2025 18:14:08 Europe/Berlin] PHP Warning:  Undefined variable $truck_details in C:\xampp\htdocs\pcl\add_waybill_to_topsheet.php on line 17
[04-Apr-2025 18:14:08 Europe/Berlin] PHP Warning:  Undefined variable $driver_name in C:\xampp\htdocs\pcl\add_waybill_to_topsheet.php on line 18
[04-Apr-2025 18:14:08 Europe/Berlin] PHP Warning:  Undefined variable $helper1_name in C:\xampp\htdocs\pcl\add_waybill_to_topsheet.php on line 19
[04-Apr-2025 18:14:08 Europe/Berlin] PHP Warning:  Undefined variable $helper2_name in C:\xampp\htdocs\pcl\add_waybill_to_topsheet.php on line 20
[04-Apr-2025 18:15:27 Europe/Berlin] PHP Warning:  Undefined variable $truck_id in C:\xampp\htdocs\pcl\add_waybill_to_topsheet.php on line 13
[04-Apr-2025 18:15:27 Europe/Berlin] PHP Warning:  Undefined variable $driver_id in C:\xampp\htdocs\pcl\add_waybill_to_topsheet.php on line 14
[04-Apr-2025 18:15:27 Europe/Berlin] PHP Warning:  Undefined variable $helper1_id in C:\xampp\htdocs\pcl\add_waybill_to_topsheet.php on line 15
[04-Apr-2025 18:15:27 Europe/Berlin] PHP Warning:  Undefined variable $helper2_id in C:\xampp\htdocs\pcl\add_waybill_to_topsheet.php on line 16
[04-Apr-2025 18:15:27 Europe/Berlin] PHP Warning:  Undefined variable $truck_details in C:\xampp\htdocs\pcl\add_waybill_to_topsheet.php on line 17
[04-Apr-2025 18:15:27 Europe/Berlin] PHP Warning:  Undefined variable $driver_name in C:\xampp\htdocs\pcl\add_waybill_to_topsheet.php on line 18
[04-Apr-2025 18:15:27 Europe/Berlin] PHP Warning:  Undefined variable $helper1_name in C:\xampp\htdocs\pcl\add_waybill_to_topsheet.php on line 19
[04-Apr-2025 18:15:27 Europe/Berlin] PHP Warning:  Undefined variable $helper2_name in C:\xampp\htdocs\pcl\add_waybill_to_topsheet.php on line 20
[05-Apr-2025 03:41:12 Europe/Berlin] PHP Fatal error:  Uncaught ArgumentCountError: The number of elements in the type definition string must match the number of bind variables in C:\xampp\htdocs\pcl\update_trip.php:108
Stack trace:
#0 C:\xampp\htdocs\pcl\update_trip.php(108): mysqli_stmt->bind_param('isssssssssiiisi', '1', '2025-04-02', 'Purchase Order', '1', '1', 'URC', '1', '1', '1', '09:35:00', '13', '19', '16', '16', 'Ready for budge...', '116')
#1 {main}
  thrown in C:\xampp\htdocs\pcl\update_trip.php on line 108
[05-Apr-2025 03:41:24 Europe/Berlin] PHP Fatal error:  Uncaught ArgumentCountError: The number of elements in the type definition string must match the number of bind variables in C:\xampp\htdocs\pcl\update_trip.php:108
Stack trace:
#0 C:\xampp\htdocs\pcl\update_trip.php(108): mysqli_stmt->bind_param('isssssssssiiisi', '1', '2025-04-02', 'Purchase Order', '1', '1', 'URC', '1', '1', '1', '09:35:00', '16', '19', '15', '16', 'Ready for budge...', '116')
#1 {main}
  thrown in C:\xampp\htdocs\pcl\update_trip.php on line 108
[05-Apr-2025 03:43:10 Europe/Berlin] PHP Fatal error:  Uncaught ArgumentCountError: The number of elements in the type definition string must match the number of bind variables in C:\xampp\htdocs\pcl\update_trip.php:132
Stack trace:
#0 C:\xampp\htdocs\pcl\update_trip.php(132): mysqli_stmt->bind_param('isssssssssiiisi', '1', '2025-04-02', 'Purchase Order', '1', '1', 'URC', '1', '1', '1', '09:35:00', '18', '18', '17', '', 'Ready for budge...', '116')
#1 {main}
  thrown in C:\xampp\htdocs\pcl\update_trip.php on line 132
[05-Apr-2025 07:07:24 Europe/Berlin] Error in get_dropdown_data.php: Unknown column 't.helper2' in 'IN/ALL/ANY subquery'
[05-Apr-2025 07:07:24 Europe/Berlin] Error in get_dropdown_data.php: Unknown column 't.drivers' in 'IN/ALL/ANY subquery'
[05-Apr-2025 07:07:24 Europe/Berlin] Error in get_dropdown_data.php: Unknown column 't.helper1' in 'IN/ALL/ANY subquery'
