[2025-03-25 09:07:57] Received POST data: Array
(
    [otp] => 440306
    [email] => enanojra@gmail.com
)

[2025-03-25 09:09:26] Received POST data: Array
(
    [otp] => 367986
    [email] => enanojra@gmail.com
)

[2025-03-25 09:10:23] Received POST data: Array
(
    [otp] => 073751
    [email] => enanojra@gmail.com
)

[2025-03-25 09:11:20] Received POST data: Array
(
    [otp] => 404269
    [email] => enanojra@gmail.com
)

[2025-03-26 10:13:01] Received POST data: Array
(
    [otp] => 212232
    [email] => enanojra@gmail.com
)

[2025-03-27 09:44:39] Received POST data: Array
(
    [otp] => 005751
    [email] => enanojra@gmail.com
)

[2025-04-04 03:38:31] Received POST data: Array
(
    [otp] => 388146
    [email] => enanojra@gmail.com
)

[2025-04-10 03:27:46] Received POST data: Array
(
    [otp] => 920909
    [email] => enanojra@gmail.com
)

[2025-04-10 03:42:44] Received POST data: Array
(
    [otp] => 234195
    [email] => enanojra@gmail.com
)

[2025-04-10 03:44:17] Received POST data: Array
(
    [otp] => 720314
    [email] => enanojra@gmail.com
)

[2025-04-10 03:58:16] Received POST data: Array
(
    [otp] => 492039
    [email] => enanojra@gmail.com
)

[2025-04-10 04:39:16] Received POST data: Array
(
    [otp] => 409405
    [email] => enanojra@gmail.com
)

[2025-04-10 04:43:21] Received POST data: Array
(
    [otp] => 616007
    [email] => enanojra@gmail.com
)

[2025-04-10 05:52:59] Received POST data: Array
(
    [otp] => 850120
    [email] => enanojra@gmail.com
)

[2025-04-10 12:58:06] Received POST data: Array
(
    [otp] => 247887
    [email] => enanojra@gmail.com
)

[2025-04-11 00:11:50] Received POST data: Array
(
    [otp] => 610838
    [email] => enanojra@gmail.com
)

[2025-04-11 00:58:44] Received POST data: Array
(
    [otp] => 430813
    [email] => enanojra@gmail.com
)

[2025-04-11 00:59:34] Received POST data: Array
(
    [otp] => 584436
    [email] => enanojra@gmail.com
)

